connect$
corelib$
ctools$
util$
util/creaders$
util/regexp$
util/sequtil$
util/tables$
util/xregexp$
serial$
serial/datatool$
objects$
objects/misc$
objects/biblio$
objects/blast$
objects/blastdb$
objects/cdd$
objects/cn3d$
objects/general$
objects/genomecoll$
objects/id1$
objects/medline$
objects/mmdb$
objects/ncbimime$
objects/pub$
objects/scoremat$
objects/seq$
objects/seqcode$
objects/seqedit$
objects/seqset$
objects/submit$
objects/taxon1$
objects/entrez2$
objects/variation$
objtools/readers$
objtools/blast/seqdb_reader$
objmgr$
objmgr/util$
algo/blast/composition_adjustment$
algo/blast/dbindex$
algo/blast/api$
algo/dustmask$
algo/winmask$
algo/structure/bma_refine$
algo/structure/cd_utils$
algo/structure/struct_dp$
algo/structure/struct_util$
algo/structure/threader$
algo/structure/wx_tools$
app/cn3d
